=cmd-param-changed,param="logging enabled",value="on"
14^done
(gdb) 
&"warning: could not convert 'abort' from the host encoding (CP1252) to UTF-32.\nThis normally should not happen, please file a bug report."
&"\n"
&"Function \"abort\" not defined.\n"
~"Make breakpoint pending on future shared library load? (y or [n]) [answered N; input not from terminal]\n"
15^done
(gdb) 
&"Function \"_exit\" not defined.\n"
~"Make breakpoint pending on future shared library load? (y or [n]) [answered N; input not from terminal]\n"
16^done
(gdb) 
=cmd-param-changed,param="remotetimeout",value="60"
17^done
(gdb) 
@"reset-deassert-post\n"
@"[max32xxx.cpu] halted due to debug-request, current mode: Thread \n"
@"xPSR: 0xf9000000 pc: 0x10000118 msp: 0x30010000\n"
18^done
(gdb) 
19+download,{section="rom_start",section-size="280",total-size="417363"}
19+download,{section="rom_start",section-sent="280",section-size="280",total-sent="280",total-size="417363"}
19+download,{section="text",section-size="36440",total-size="417363"}
19+download,{section=".ARM.exidx",section-size="8",total-size="417363"}
19+download,{section="initlevel",section-size="48",total-size="417363"}
19+download,{section="device_area",section-size="60",total-size="417363"}
19+download,{section="sw_isr_table",section-size="432",total-size="417363"}
19+download,{section="gpio_driver_api_area",section-size="36",total-size="417363"}
19+download,{section="clock_control_driver_api_area",section-size="28",total-size="417363"}
19+download,{section="uart_driver_api_area",section-size="76",total-size="417363"}
19+download,{section="zephyr_dbg_info",section-size="65",total-size="417363"}
19+download,{section="rodata",section-size="400",total-size="417363"}
19+download,{section="datas",section-size="60",total-size="417363"}
19+download,{section="device_states",section-size="6",total-size="417363"}
19+download,{section=".last_section",section-size="4",total-size="417363"}
19^done,address="0x010018f8",load-size="37943",transfer-rate="97408",write-rate="2371"
(gdb) 
@"reset-deassert-post\n"
@"[max32xxx.cpu] halted due to debug-request, current mode: Thread \n"
@"xPSR: 0xf9000000 pc: 0x10000118 msp: 0x30010000\n"
20^done
(gdb) 
~"Note: automatically using hardware breakpoints for read-only addresses.\n"
21^done,bkpt={number="1",type="breakpoint",disp="del",enabled="y",addr="0x010003ee",func="main",file="C:/Workdir/PBU/cfs_workspace/cfs_workspace_blinky1/m33/src/main.c",fullname="C:\\Workdir\\PBU\\cfs_workspace\\cfs_workspace_blinky1\\m33\\src\\main.c",line="28",thread-groups=["i1"],times="0",original-location="-function main"}
(gdb) 
22^running
*running,thread-id="all"
(gdb) 
=thread-created,id="2",group-id="i1"
~"[New Thread 805306504]\n"
=breakpoint-modified,bkpt={number="1",type="breakpoint",disp="del",enabled="y",addr="0x010003ee",func="main",file="C:/Workdir/PBU/cfs_workspace/cfs_workspace_blinky1/m33/src/main.c",fullname="C:\\Workdir\\PBU\\cfs_workspace\\cfs_workspace_blinky1\\m33\\src\\main.c",line="28",thread-groups=["i1"],times="1",original-location="-function main"}
~"[Remote target exited]\n"
=thread-exited,id="1",group-id="i1"
=thread-created,id="3",group-id="i1"
~"[New Thread 805306696]\n"
~"[Switching to Thread 805306504]\n"
~"\n"
~"Thread 2 \"main\" hit Temporary breakpoint 1, main () at C:/Workdir/PBU/cfs_workspace/cfs_workspace_blinky1/m33/src/main.c:28\n"
~"28\t\tbool led_state = true;\n"
*stopped,reason="breakpoint-hit",disp="del",bkptno="1",frame={addr="0x010003ee",func="main",args=[],file="C:/Workdir/PBU/cfs_workspace/cfs_workspace_blinky1/m33/src/main.c",fullname="C:\\Workdir\\PBU\\cfs_workspace\\cfs_workspace_blinky1\\m33\\src\\main.c",line="28",arch="armv8-m.main"},thread-id="2",stopped-threads="all"
=breakpoint-deleted,id="1"
23^done,thread-ids={thread-id="2",thread-id="3"},current-thread-id="2",number-of-threads="2"
(gdb) 
24^done,threads=[{id="2",target-id="Thread 805306504",details="Name: main, prio:0,useropts:1",name="main",frame={level="0",addr="0x010003ee",func="main",args=[],file="C:/Workdir/PBU/cfs_workspace/cfs_workspace_blinky1/m33/src/main.c",fullname="C:\\Workdir\\PBU\\cfs_workspace\\cfs_workspace_blinky1\\m33\\src\\main.c",line="28",arch="armv8-m.main"},state="stopped"}]
(gdb) 
&"warning: Invalid state, unable to determine sp alias, assuming msp.\n"
25^done,threads=[{id="3",target-id="Thread 805306696",details="Name: idle, prio:15,useropts:1",name="idle",frame={level="0",addr="0x01000594",func="z_thread_entry",args=[{name="entry",value="0xaaaaaaaa"},{name="p1",value="0xaaaaaaaa"},{name="p2",value="0x0"},{name="p3",value="0x0"}],file="C:/analog/cfs/1.1.0/SDK/zephyr/zephyr/lib/os/thread_entry.c",fullname="C:\\analog\\cfs\\1.1.0\\SDK\\zephyr\\zephyr\\lib\\os\\thread_entry.c",line="37",arch="armv8-m.main"},state="stopped"}]
(gdb) 
26^done,thread-ids={thread-id="2",thread-id="3"},current-thread-id="2",number-of-threads="2"
(gdb) 
27^done,stack=[frame={level="0",addr="0x010003ee",func="main",file="C:/Workdir/PBU/cfs_workspace/cfs_workspace_blinky1/m33/src/main.c",fullname="C:\\Workdir\\PBU\\cfs_workspace\\cfs_workspace_blinky1\\m33\\src\\main.c",line="28",arch="armv8-m.main"}]
(gdb) 
28^done,threads=[{id="2",target-id="Thread 805306504",details="Name: main, prio:0,useropts:1",name="main",frame={level="0",addr="0x010003ee",func="main",args=[],file="C:/Workdir/PBU/cfs_workspace/cfs_workspace_blinky1/m33/src/main.c",fullname="C:\\Workdir\\PBU\\cfs_workspace\\cfs_workspace_blinky1\\m33\\src\\main.c",line="28",arch="armv8-m.main"},state="stopped"}]
(gdb) 
&"warning: Invalid state, unable to determine sp alias, assuming msp.\n"
29^done,threads=[{id="3",target-id="Thread 805306696",details="Name: idle, prio:15,useropts:1",name="idle",frame={level="0",addr="0x01000594",func="z_thread_entry",args=[{name="entry",value="0xaaaaaaaa"},{name="p1",value="0xaaaaaaaa"},{name="p2",value="0x0"},{name="p3",value="0x0"}],file="C:/analog/cfs/1.1.0/SDK/zephyr/zephyr/lib/os/thread_entry.c",fullname="C:\\analog\\cfs\\1.1.0\\SDK\\zephyr\\zephyr\\lib\\os\\thread_entry.c",line="37",arch="armv8-m.main"},state="stopped"}]
(gdb) 
30^running
*running,thread-id="all"
(gdb) 
*stopped,reason="end-stepping-range",frame={addr="0x010003f2",func="main",args=[],file="C:/Workdir/PBU/cfs_workspace/cfs_workspace_blinky1/m33/src/main.c",fullname="C:\\Workdir\\PBU\\cfs_workspace\\cfs_workspace_blinky1\\m33\\src\\main.c",line="30",arch="armv8-m.main"},thread-id="2",stopped-threads="all"
31^done,thread-ids={thread-id="2",thread-id="3"},current-thread-id="2",number-of-threads="2"
(gdb) 
32^done,threads=[{id="2",target-id="Thread 805306504",details="Name: main, prio:0,useropts:1",name="main",frame={level="0",addr="0x010003f2",func="main",args=[],file="C:/Workdir/PBU/cfs_workspace/cfs_workspace_blinky1/m33/src/main.c",fullname="C:\\Workdir\\PBU\\cfs_workspace\\cfs_workspace_blinky1\\m33\\src\\main.c",line="30",arch="armv8-m.main"},state="stopped"}]
(gdb) 
&"warning: Invalid state, unable to determine sp alias, assuming msp.\n"
33^done,threads=[{id="3",target-id="Thread 805306696",details="Name: idle, prio:15,useropts:1",name="idle",frame={level="0",addr="0x01000594",func="z_thread_entry",args=[{name="entry",value="0xaaaaaaaa"},{name="p1",value="0xaaaaaaaa"},{name="p2",value="0x0"},{name="p3",value="0x0"}],file="C:/analog/cfs/1.1.0/SDK/zephyr/zephyr/lib/os/thread_entry.c",fullname="C:\\analog\\cfs\\1.1.0\\SDK\\zephyr\\zephyr\\lib\\os\\thread_entry.c",line="37",arch="armv8-m.main"},state="stopped"}]
(gdb) 
34^done,stack=[frame={level="0",addr="0x010003f2",func="main",file="C:/Workdir/PBU/cfs_workspace/cfs_workspace_blinky1/m33/src/main.c",fullname="C:\\Workdir\\PBU\\cfs_workspace\\cfs_workspace_blinky1\\m33\\src\\main.c",line="30",arch="armv8-m.main"}]
(gdb) 
35^running
*running,thread-id="all"
(gdb) 
*stopped,reason="end-stepping-range",frame={addr="0x01000408",func="main",args=[],file="C:/Workdir/PBU/cfs_workspace/cfs_workspace_blinky1/m33/src/main.c",fullname="C:\\Workdir\\PBU\\cfs_workspace\\cfs_workspace_blinky1\\m33\\src\\main.c",line="34",arch="armv8-m.main"},thread-id="2",stopped-threads="all"
36^done,thread-ids={thread-id="2",thread-id="3"},current-thread-id="2",number-of-threads="2"
(gdb) 
37^done,threads=[{id="2",target-id="Thread 805306504",details="Name: main, prio:0,useropts:1",name="main",frame={level="0",addr="0x01000408",func="main",args=[],file="C:/Workdir/PBU/cfs_workspace/cfs_workspace_blinky1/m33/src/main.c",fullname="C:\\Workdir\\PBU\\cfs_workspace\\cfs_workspace_blinky1\\m33\\src\\main.c",line="34",arch="armv8-m.main"},state="stopped"}]
(gdb) 
&"warning: Invalid state, unable to determine sp alias, assuming msp.\n"
38^done,threads=[{id="3",target-id="Thread 805306696",details="Name: idle, prio:15,useropts:1",name="idle",frame={level="0",addr="0x01000594",func="z_thread_entry",args=[{name="entry",value="0xaaaaaaaa"},{name="p1",value="0xaaaaaaaa"},{name="p2",value="0x0"},{name="p3",value="0x0"}],file="C:/analog/cfs/1.1.0/SDK/zephyr/zephyr/lib/os/thread_entry.c",fullname="C:\\analog\\cfs\\1.1.0\\SDK\\zephyr\\zephyr\\lib\\os\\thread_entry.c",line="37",arch="armv8-m.main"},state="stopped"}]
(gdb) 
39^done,stack=[frame={level="0",addr="0x01000408",func="main",file="C:/Workdir/PBU/cfs_workspace/cfs_workspace_blinky1/m33/src/main.c",fullname="C:\\Workdir\\PBU\\cfs_workspace\\cfs_workspace_blinky1\\m33\\src\\main.c",line="34",arch="armv8-m.main"}]
(gdb) 
40^running
*running,thread-id="all"
(gdb) 
@"CMSIS-DAP command mismatch. Expected 0x5 received 0x0\n"
&"Could not read registers; remote failure reply '0E'\n"
(gdb) 
41^done
(gdb) 
